{
  "stats": {
    "suites": 1,
    "tests": 1,
    "passes": 1,
    "pending": 0,
    "failures": 0,
    "start": "2024-12-09T12:33:19.281Z",
    "end": "2024-12-09T12:33:27.354Z",
    "duration": 8073,
    "testsRegistered": 1,
    "passPercent": 100,
    "pendingPercent": 0,
    "other": 0,
    "hasOther": false,
    "skipped": 0,
    "hasSkipped": false
  },
  "results": [
    {
      "uuid": "204d8d9d-3c78-4638-8029-b51d2b85c27d",
      "title": "",
      "fullFile": "cypress\\e2e\\smoketest\\Tc01-smokespec.cy.js",
      "file": "cypress\\e2e\\smoketest\\Tc01-smokespec.cy.js",
      "beforeHooks": [],
      "afterHooks": [],
      "tests": [],
      "suites": [
        {
          "uuid": "441131a0-5424-424e-b05f-03becd48dd9c",
          "title": "login functionality",
          "fullFile": "",
          "file": "",
          "beforeHooks": [],
          "afterHooks": [],
          "tests": [
            {
              "title": "login test",
              "fullTitle": "login functionality login test",
              "timedOut": null,
              "duration": 7662,
              "state": "passed",
              "speed": "medium",
              "pass": true,
              "fail": false,
              "pending": false,
              "context": null,
              "code": "cy.visit(\"https://app.manufacton.com/#/login\");\ncy.get('input[placeholder=\"Email Address\"]').type(\"qa@lakshmi.comp\");\ncy.get('input[placeholder=\"Password\"]').type(\"12345678\");\ncy.get('.button.is-dark.is-capitalized.has-text-weight-bold').click();",
              "err": {},
              "uuid": "7644a0db-9348-4c93-bd68-394761fea68b",
              "parentUUID": "441131a0-5424-424e-b05f-03becd48dd9c",
              "isHook": false,
              "skipped": false
            }
          ],
          "suites": [],
          "passes": [
            "7644a0db-9348-4c93-bd68-394761fea68b"
          ],
          "failures": [],
          "pending": [],
          "skipped": [],
          "duration": 7662,
          "root": false,
          "rootEmpty": false,
          "_timeout": 2000
        }
      ],
      "passes": [],
      "failures": [],
      "pending": [],
      "skipped": [],
      "duration": 0,
      "root": true,
      "rootEmpty": true,
      "_timeout": 2000
    }
  ],
  "meta": {
    "mocha": {
      "version": "7.0.1"
    },
    "mochawesome": {
      "options": {
        "quiet": false,
        "reportFilename": "mochawesome",
        "saveHtml": false,
        "saveJson": true,
        "consoleReporter": "spec",
        "useInlineDiffs": false,
        "code": true
      },
      "version": "7.1.3"
    },
    "marge": {
      "options": {
        "id": "default",
        "reportDir": "cypress/reports/mocha",
        "quite": true,
        "overwrite": false,
        "html": false,
        "json": true
      },
      "version": "6.2.0"
    }
  }
}