{
  "stats": {
    "suites": 1,
    "tests": 1,
    "passes": 0,
    "pending": 0,
    "failures": 1,
    "start": "2024-12-09T12:33:34.208Z",
    "end": "2024-12-09T12:33:43.707Z",
    "duration": 9499,
    "testsRegistered": 1,
    "passPercent": 0,
    "pendingPercent": 0,
    "other": 0,
    "hasOther": false,
    "skipped": 0,
    "hasSkipped": false
  },
  "results": [
    {
      "uuid": "54f7041b-0162-49e1-a977-faddb6da0eb7",
      "title": "",
      "fullFile": "cypress\\e2e\\smoketest\\Tc02-smokespec.test.spec.cy.js",
      "file": "cypress\\e2e\\smoketest\\Tc02-smokespec.test.spec.cy.js",
      "beforeHooks": [],
      "afterHooks": [],
      "tests": [],
      "suites": [
        {
          "uuid": "6128e45b-607d-4629-9804-bcf6562c4f20",
          "title": "login functionality",
          "fullFile": "",
          "file": "",
          "beforeHooks": [],
          "afterHooks": [],
          "tests": [
            {
              "title": "login test",
              "fullTitle": "login functionality login test",
              "timedOut": null,
              "duration": 9273,
              "state": "failed",
              "speed": null,
              "pass": false,
              "fail": true,
              "pending": false,
              "context": "\"assets/Tc02-smokespec.test.spec.cy.js/login functionality -- login test (failed).png\"",
              "code": "cy.visit(\"https://app.manufacton.com/#/login\");\ncy.get('input[placeholder=\"Email Address\"]').type(\"qa@lakshmi.comp\");\ncy.get('input[placeholder=\"Passwordd\"]').type(\"12348\");\ncy.get('.button.is-dark.is-capitalized.has-text-weight-bold').click();",
              "err": {
                "message": "AssertionError: Timed out retrying after 4000ms: Expected to find element: `input[placeholder=\"Passwordd\"]`, but never found it.",
                "estack": "AssertionError: Timed out retrying after 4000ms: Expected to find element: `input[placeholder=\"Passwordd\"]`, but never found it.\n    at Context.eval (webpack://automation/./cypress/e2e/smoketest/Tc02-smokespec.test.spec.cy.js:5:11)",
                "diff": null
              },
              "uuid": "c6960c50-2c62-4933-91b1-d07de9876cdd",
              "parentUUID": "6128e45b-607d-4629-9804-bcf6562c4f20",
              "isHook": false,
              "skipped": false
            }
          ],
          "suites": [],
          "passes": [],
          "failures": [
            "c6960c50-2c62-4933-91b1-d07de9876cdd"
          ],
          "pending": [],
          "skipped": [],
          "duration": 9273,
          "root": false,
          "rootEmpty": false,
          "_timeout": 2000
        }
      ],
      "passes": [],
      "failures": [],
      "pending": [],
      "skipped": [],
      "duration": 0,
      "root": true,
      "rootEmpty": true,
      "_timeout": 2000
    }
  ],
  "meta": {
    "mocha": {
      "version": "7.0.1"
    },
    "mochawesome": {
      "options": {
        "quiet": false,
        "reportFilename": "mochawesome",
        "saveHtml": false,
        "saveJson": true,
        "consoleReporter": "spec",
        "useInlineDiffs": false,
        "code": true
      },
      "version": "7.1.3"
    },
    "marge": {
      "options": {
        "id": "default",
        "reportDir": "cypress/reports/mocha",
        "quite": true,
        "overwrite": false,
        "html": false,
        "json": true
      },
      "version": "6.2.0"
    }
  }
}